<?xml version="1.0" encoding="UTF-8"?>
<testsuite xmlns:xsi="http://www.w3.org/2001/XMLSchema-instance" xsi:noNamespaceSchemaLocation="https://maven.apache.org/surefire/maven-surefire-plugin/xsd/surefire-test-report.xsd" name="com.test.Test1" time="0.048" tests="1" errors="0" skipped="0" failures="0">
  <properties>
    <property name="sun.desktop" value="windows"/>
    <property name="awt.toolkit" value="sun.awt.windows.WToolkit"/>
    <property name="file.encoding.pkg" value="sun.io"/>
    <property name="java.specification.version" value="1.8"/>
    <property name="sun.cpu.isalist" value="pentium_pro+mmx pentium_pro pentium+mmx pentium i486 i386 i86"/>
    <property name="sun.jnu.encoding" value="GBK"/>
    <property name="java.class.path" value="D:\IDEA\itripback\itrip-biz\target\test-classes;D:\IDEA\itripback\itrip-biz\target\classes;D:\IDEA\itripback\itrip-dao\target\itrip-dao-1.0-SNAPSHOT.jar;D:\IDEA\itripback\itrip-utils\target\itrip-utils-1.0-SNAPSHOT.jar;D:\IDEA\itripback\itrip-beans\target\itrip-beans-1.0-SNAPSHOT.jar;E:\JAVA_APP\maven\repository\com\belerweb\pinyin4j\2.5.0\pinyin4j-2.5.0.jar;E:\JAVA_APP\maven\repository\cz\mallat\uasparser\uasparser\0.6.0\uasparser-0.6.0.jar;E:\JAVA_APP\maven\repository\net\sourceforge\jregex\jregex\1.2_01\jregex-1.2_01.jar;E:\JAVA_APP\maven\repository\commons-fileupload\commons-fileupload\1.4\commons-fileupload-1.4.jar;E:\JAVA_APP\maven\repository\org\quartz-scheduler\quartz\2.2.1\quartz-2.2.1.jar;E:\JAVA_APP\maven\repository\c3p0\c3p0\0.9.1.1\c3p0-0.9.1.1.jar;E:\JAVA_APP\maven\repository\org\quartz-scheduler\quartz-jobs\2.2.1\quartz-jobs-2.2.1.jar;E:\JAVA_APP\maven\repository\org\springframework\spring-core\4.2.4.RELEASE\spring-core-4.2.4.RELEASE.jar;E:\JAVA_APP\maven\repository\org\springframework\spring-beans\4.2.4.RELEASE\spring-beans-4.2.4.RELEASE.jar;E:\JAVA_APP\maven\repository\org\springframework\spring-context\4.2.4.RELEASE\spring-context-4.2.4.RELEASE.jar;E:\JAVA_APP\maven\repository\org\springframework\spring-expression\4.2.4.RELEASE\spring-expression-4.2.4.RELEASE.jar;E:\JAVA_APP\maven\repository\org\springframework\spring-aop\4.2.4.RELEASE\spring-aop-4.2.4.RELEASE.jar;E:\JAVA_APP\maven\repository\org\springframework\spring-aspects\4.2.4.RELEASE\spring-aspects-4.2.4.RELEASE.jar;E:\JAVA_APP\maven\repository\aopalliance\aopalliance\1.0\aopalliance-1.0.jar;E:\JAVA_APP\maven\repository\org\aspectj\aspectjweaver\1.9.5\aspectjweaver-1.9.5.jar;E:\JAVA_APP\maven\repository\org\mybatis\mybatis\3.5.3\mybatis-3.5.3.jar;E:\JAVA_APP\maven\repository\org\mybatis\mybatis-spring\2.0.3\mybatis-spring-2.0.3.jar;E:\JAVA_APP\maven\repository\org\apache\commons\commons-dbcp2\2.6.0\commons-dbcp2-2.6.0.jar;E:\JAVA_APP\maven\repository\org\apache\commons\commons-pool2\2.6.1\commons-pool2-2.6.1.jar;E:\JAVA_APP\maven\repository\org\springframework\spring-jdbc\4.2.4.RELEASE\spring-jdbc-4.2.4.RELEASE.jar;E:\JAVA_APP\maven\repository\org\springframework\spring-tx\4.2.4.RELEASE\spring-tx-4.2.4.RELEASE.jar;E:\JAVA_APP\maven\repository\mysql\mysql-connector-java\5.1.46\mysql-connector-java-5.1.46.jar;E:\JAVA_APP\maven\repository\org\springframework\spring-web\4.2.4.RELEASE\spring-web-4.2.4.RELEASE.jar;E:\JAVA_APP\maven\repository\org\springframework\spring-webmvc\4.2.4.RELEASE\spring-webmvc-4.2.4.RELEASE.jar;E:\JAVA_APP\maven\repository\javax\servlet\jsp\jsp-api\2.1\jsp-api-2.1.jar;E:\JAVA_APP\maven\repository\javax\servlet\javax.servlet-api\4.0.1\javax.servlet-api-4.0.1.jar;E:\JAVA_APP\maven\repository\jstl\jstl\1.2\jstl-1.2.jar;E:\JAVA_APP\maven\repository\org\apache\taglibs\taglibs-standard-spec\1.2.1\taglibs-standard-spec-1.2.1.jar;E:\JAVA_APP\maven\repository\org\apache\taglibs\taglibs-standard-impl\1.2.1\taglibs-standard-impl-1.2.1.jar;E:\JAVA_APP\maven\repository\com\fasterxml\jackson\core\jackson-core\2.10.1\jackson-core-2.10.1.jar;E:\JAVA_APP\maven\repository\com\fasterxml\jackson\core\jackson-databind\2.10.1\jackson-databind-2.10.1.jar;E:\JAVA_APP\maven\repository\com\fasterxml\jackson\core\jackson-annotations\2.10.1\jackson-annotations-2.10.1.jar;E:\JAVA_APP\maven\repository\com\alibaba\fastjson\1.2.31\fastjson-1.2.31.jar;E:\JAVA_APP\maven\repository\junit\junit\4.12\junit-4.12.jar;E:\JAVA_APP\maven\repository\org\hamcrest\hamcrest-core\1.3\hamcrest-core-1.3.jar;E:\JAVA_APP\maven\repository\org\springframework\spring-test\4.2.4.RELEASE\spring-test-4.2.4.RELEASE.jar;E:\JAVA_APP\maven\repository\log4j\log4j\1.2.17\log4j-1.2.17.jar;E:\JAVA_APP\maven\repository\org\slf4j\slf4j-api\1.7.28\slf4j-api-1.7.28.jar;E:\JAVA_APP\maven\repository\org\slf4j\slf4j-log4j12\1.7.28\slf4j-log4j12-1.7.28.jar;E:\JAVA_APP\maven\repository\commons-logging\commons-logging\1.2\commons-logging-1.2.jar;E:\JAVA_APP\maven\repository\commons-io\commons-io\2.6\commons-io-2.6.jar;E:\JAVA_APP\maven\repository\redis\clients\jedis\2.9.0\jedis-2.9.0.jar;E:\JAVA_APP\maven\repository\org\springframework\data\spring-data-redis\1.6.2.RELEASE\spring-data-redis-1.6.2.RELEASE.jar;E:\JAVA_APP\maven\repository\org\springframework\spring-context-support\4.1.9.RELEASE\spring-context-support-4.1.9.RELEASE.jar;E:\JAVA_APP\maven\repository\io\springfox\springfox-swagger2\2.7.0\springfox-swagger2-2.7.0.jar;E:\JAVA_APP\maven\repository\io\swagger\swagger-annotations\1.5.13\swagger-annotations-1.5.13.jar;E:\JAVA_APP\maven\repository\io\swagger\swagger-models\1.5.13\swagger-models-1.5.13.jar;E:\JAVA_APP\maven\repository\io\springfox\springfox-spi\2.7.0\springfox-spi-2.7.0.jar;E:\JAVA_APP\maven\repository\io\springfox\springfox-core\2.7.0\springfox-core-2.7.0.jar;E:\JAVA_APP\maven\repository\net\bytebuddy\byte-buddy\1.6.14\byte-buddy-1.6.14.jar;E:\JAVA_APP\maven\repository\io\springfox\springfox-schema\2.7.0\springfox-schema-2.7.0.jar;E:\JAVA_APP\maven\repository\io\springfox\springfox-swagger-common\2.7.0\springfox-swagger-common-2.7.0.jar;E:\JAVA_APP\maven\repository\io\springfox\springfox-spring-web\2.7.0\springfox-spring-web-2.7.0.jar;E:\JAVA_APP\maven\repository\org\reflections\reflections\0.9.11\reflections-0.9.11.jar;E:\JAVA_APP\maven\repository\org\javassist\javassist\3.21.0-GA\javassist-3.21.0-GA.jar;E:\JAVA_APP\maven\repository\com\google\guava\guava\18.0\guava-18.0.jar;E:\JAVA_APP\maven\repository\com\fasterxml\classmate\1.3.3\classmate-1.3.3.jar;E:\JAVA_APP\maven\repository\org\springframework\plugin\spring-plugin-core\1.2.0.RELEASE\spring-plugin-core-1.2.0.RELEASE.jar;E:\JAVA_APP\maven\repository\org\springframework\plugin\spring-plugin-metadata\1.2.0.RELEASE\spring-plugin-metadata-1.2.0.RELEASE.jar;E:\JAVA_APP\maven\repository\org\mapstruct\mapstruct\1.1.0.Final\mapstruct-1.1.0.Final.jar;E:\JAVA_APP\maven\repository\io\springfox\springfox-swagger-ui\2.7.0\springfox-swagger-ui-2.7.0.jar;"/>
    <property name="java.vm.vendor" value="Oracle Corporation"/>
    <property name="sun.arch.data.model" value="32"/>
    <property name="user.variant" value=""/>
    <property name="java.vendor.url" value="http://java.oracle.com/"/>
    <property name="user.timezone" value="Asia/Shanghai"/>
    <property name="java.vm.specification.version" value="1.8"/>
    <property name="os.name" value="Windows 10"/>
    <property name="user.country" value="CN"/>
    <property name="sun.java.launcher" value="SUN_STANDARD"/>
    <property name="sun.boot.library.path" value="E:\JAVA_APP\Java\jdk1.8.0_251\jre\bin"/>
    <property name="sun.java.command" value="C:\Users\ADMINI~1\AppData\Local\Temp\surefire5537377015098626857\surefirebooter4853399030724400807.jar C:\Users\Administrator\AppData\Local\Temp\surefire5537377015098626857 2020-05-03T15-02-40_000-jvmRun1 surefire8581917014537331483tmp surefire_1621529917799373619tmp"/>
    <property name="surefire.test.class.path" value="D:\IDEA\itripback\itrip-biz\target\test-classes;D:\IDEA\itripback\itrip-biz\target\classes;D:\IDEA\itripback\itrip-dao\target\itrip-dao-1.0-SNAPSHOT.jar;D:\IDEA\itripback\itrip-utils\target\itrip-utils-1.0-SNAPSHOT.jar;D:\IDEA\itripback\itrip-beans\target\itrip-beans-1.0-SNAPSHOT.jar;E:\JAVA_APP\maven\repository\com\belerweb\pinyin4j\2.5.0\pinyin4j-2.5.0.jar;E:\JAVA_APP\maven\repository\cz\mallat\uasparser\uasparser\0.6.0\uasparser-0.6.0.jar;E:\JAVA_APP\maven\repository\net\sourceforge\jregex\jregex\1.2_01\jregex-1.2_01.jar;E:\JAVA_APP\maven\repository\commons-fileupload\commons-fileupload\1.4\commons-fileupload-1.4.jar;E:\JAVA_APP\maven\repository\org\quartz-scheduler\quartz\2.2.1\quartz-2.2.1.jar;E:\JAVA_APP\maven\repository\c3p0\c3p0\0.9.1.1\c3p0-0.9.1.1.jar;E:\JAVA_APP\maven\repository\org\quartz-scheduler\quartz-jobs\2.2.1\quartz-jobs-2.2.1.jar;E:\JAVA_APP\maven\repository\org\springframework\spring-core\4.2.4.RELEASE\spring-core-4.2.4.RELEASE.jar;E:\JAVA_APP\maven\repository\org\springframework\spring-beans\4.2.4.RELEASE\spring-beans-4.2.4.RELEASE.jar;E:\JAVA_APP\maven\repository\org\springframework\spring-context\4.2.4.RELEASE\spring-context-4.2.4.RELEASE.jar;E:\JAVA_APP\maven\repository\org\springframework\spring-expression\4.2.4.RELEASE\spring-expression-4.2.4.RELEASE.jar;E:\JAVA_APP\maven\repository\org\springframework\spring-aop\4.2.4.RELEASE\spring-aop-4.2.4.RELEASE.jar;E:\JAVA_APP\maven\repository\org\springframework\spring-aspects\4.2.4.RELEASE\spring-aspects-4.2.4.RELEASE.jar;E:\JAVA_APP\maven\repository\aopalliance\aopalliance\1.0\aopalliance-1.0.jar;E:\JAVA_APP\maven\repository\org\aspectj\aspectjweaver\1.9.5\aspectjweaver-1.9.5.jar;E:\JAVA_APP\maven\repository\org\mybatis\mybatis\3.5.3\mybatis-3.5.3.jar;E:\JAVA_APP\maven\repository\org\mybatis\mybatis-spring\2.0.3\mybatis-spring-2.0.3.jar;E:\JAVA_APP\maven\repository\org\apache\commons\commons-dbcp2\2.6.0\commons-dbcp2-2.6.0.jar;E:\JAVA_APP\maven\repository\org\apache\commons\commons-pool2\2.6.1\commons-pool2-2.6.1.jar;E:\JAVA_APP\maven\repository\org\springframework\spring-jdbc\4.2.4.RELEASE\spring-jdbc-4.2.4.RELEASE.jar;E:\JAVA_APP\maven\repository\org\springframework\spring-tx\4.2.4.RELEASE\spring-tx-4.2.4.RELEASE.jar;E:\JAVA_APP\maven\repository\mysql\mysql-connector-java\5.1.46\mysql-connector-java-5.1.46.jar;E:\JAVA_APP\maven\repository\org\springframework\spring-web\4.2.4.RELEASE\spring-web-4.2.4.RELEASE.jar;E:\JAVA_APP\maven\repository\org\springframework\spring-webmvc\4.2.4.RELEASE\spring-webmvc-4.2.4.RELEASE.jar;E:\JAVA_APP\maven\repository\javax\servlet\jsp\jsp-api\2.1\jsp-api-2.1.jar;E:\JAVA_APP\maven\repository\javax\servlet\javax.servlet-api\4.0.1\javax.servlet-api-4.0.1.jar;E:\JAVA_APP\maven\repository\jstl\jstl\1.2\jstl-1.2.jar;E:\JAVA_APP\maven\repository\org\apache\taglibs\taglibs-standard-spec\1.2.1\taglibs-standard-spec-1.2.1.jar;E:\JAVA_APP\maven\repository\org\apache\taglibs\taglibs-standard-impl\1.2.1\taglibs-standard-impl-1.2.1.jar;E:\JAVA_APP\maven\repository\com\fasterxml\jackson\core\jackson-core\2.10.1\jackson-core-2.10.1.jar;E:\JAVA_APP\maven\repository\com\fasterxml\jackson\core\jackson-databind\2.10.1\jackson-databind-2.10.1.jar;E:\JAVA_APP\maven\repository\com\fasterxml\jackson\core\jackson-annotations\2.10.1\jackson-annotations-2.10.1.jar;E:\JAVA_APP\maven\repository\com\alibaba\fastjson\1.2.31\fastjson-1.2.31.jar;E:\JAVA_APP\maven\repository\junit\junit\4.12\junit-4.12.jar;E:\JAVA_APP\maven\repository\org\hamcrest\hamcrest-core\1.3\hamcrest-core-1.3.jar;E:\JAVA_APP\maven\repository\org\springframework\spring-test\4.2.4.RELEASE\spring-test-4.2.4.RELEASE.jar;E:\JAVA_APP\maven\repository\log4j\log4j\1.2.17\log4j-1.2.17.jar;E:\JAVA_APP\maven\repository\org\slf4j\slf4j-api\1.7.28\slf4j-api-1.7.28.jar;E:\JAVA_APP\maven\repository\org\slf4j\slf4j-log4j12\1.7.28\slf4j-log4j12-1.7.28.jar;E:\JAVA_APP\maven\repository\commons-logging\commons-logging\1.2\commons-logging-1.2.jar;E:\JAVA_APP\maven\repository\commons-io\commons-io\2.6\commons-io-2.6.jar;E:\JAVA_APP\maven\repository\redis\clients\jedis\2.9.0\jedis-2.9.0.jar;E:\JAVA_APP\maven\repository\org\springframework\data\spring-data-redis\1.6.2.RELEASE\spring-data-redis-1.6.2.RELEASE.jar;E:\JAVA_APP\maven\repository\org\springframework\spring-context-support\4.1.9.RELEASE\spring-context-support-4.1.9.RELEASE.jar;E:\JAVA_APP\maven\repository\io\springfox\springfox-swagger2\2.7.0\springfox-swagger2-2.7.0.jar;E:\JAVA_APP\maven\repository\io\swagger\swagger-annotations\1.5.13\swagger-annotations-1.5.13.jar;E:\JAVA_APP\maven\repository\io\swagger\swagger-models\1.5.13\swagger-models-1.5.13.jar;E:\JAVA_APP\maven\repository\io\springfox\springfox-spi\2.7.0\springfox-spi-2.7.0.jar;E:\JAVA_APP\maven\repository\io\springfox\springfox-core\2.7.0\springfox-core-2.7.0.jar;E:\JAVA_APP\maven\repository\net\bytebuddy\byte-buddy\1.6.14\byte-buddy-1.6.14.jar;E:\JAVA_APP\maven\repository\io\springfox\springfox-schema\2.7.0\springfox-schema-2.7.0.jar;E:\JAVA_APP\maven\repository\io\springfox\springfox-swagger-common\2.7.0\springfox-swagger-common-2.7.0.jar;E:\JAVA_APP\maven\repository\io\springfox\springfox-spring-web\2.7.0\springfox-spring-web-2.7.0.jar;E:\JAVA_APP\maven\repository\org\reflections\reflections\0.9.11\reflections-0.9.11.jar;E:\JAVA_APP\maven\repository\org\javassist\javassist\3.21.0-GA\javassist-3.21.0-GA.jar;E:\JAVA_APP\maven\repository\com\google\guava\guava\18.0\guava-18.0.jar;E:\JAVA_APP\maven\repository\com\fasterxml\classmate\1.3.3\classmate-1.3.3.jar;E:\JAVA_APP\maven\repository\org\springframework\plugin\spring-plugin-core\1.2.0.RELEASE\spring-plugin-core-1.2.0.RELEASE.jar;E:\JAVA_APP\maven\repository\org\springframework\plugin\spring-plugin-metadata\1.2.0.RELEASE\spring-plugin-metadata-1.2.0.RELEASE.jar;E:\JAVA_APP\maven\repository\org\mapstruct\mapstruct\1.1.0.Final\mapstruct-1.1.0.Final.jar;E:\JAVA_APP\maven\repository\io\springfox\springfox-swagger-ui\2.7.0\springfox-swagger-ui-2.7.0.jar;"/>
    <property name="sun.cpu.endian" value="little"/>
    <property name="user.home" value="C:\Users\Administrator"/>
    <property name="user.language" value="zh"/>
    <property name="java.specification.vendor" value="Oracle Corporation"/>
    <property name="java.home" value="E:\JAVA_APP\Java\jdk1.8.0_251\jre"/>
    <property name="basedir" value="D:\IDEA\itripback\itrip-biz"/>
    <property name="file.separator" value="\"/>
    <property name="line.separator" value="&#10;"/>
    <property name="java.vm.specification.vendor" value="Oracle Corporation"/>
    <property name="java.specification.name" value="Java Platform API Specification"/>
    <property name="java.awt.graphicsenv" value="sun.awt.Win32GraphicsEnvironment"/>
    <property name="surefire.real.class.path" value="C:\Users\ADMINI~1\AppData\Local\Temp\surefire5537377015098626857\surefirebooter4853399030724400807.jar"/>
    <property name="sun.boot.class.path" value="E:\JAVA_APP\Java\jdk1.8.0_251\jre\lib\resources.jar;E:\JAVA_APP\Java\jdk1.8.0_251\jre\lib\rt.jar;E:\JAVA_APP\Java\jdk1.8.0_251\jre\lib\sunrsasign.jar;E:\JAVA_APP\Java\jdk1.8.0_251\jre\lib\jsse.jar;E:\JAVA_APP\Java\jdk1.8.0_251\jre\lib\jce.jar;E:\JAVA_APP\Java\jdk1.8.0_251\jre\lib\charsets.jar;E:\JAVA_APP\Java\jdk1.8.0_251\jre\lib\jfr.jar;E:\JAVA_APP\Java\jdk1.8.0_251\jre\classes"/>
    <property name="user.script" value=""/>
    <property name="sun.management.compiler" value="HotSpot Client Compiler"/>
    <property name="java.runtime.version" value="1.8.0_251-b08"/>
    <property name="user.name" value="Administrator"/>
    <property name="path.separator" value=";"/>
    <property name="os.version" value="10.0"/>
    <property name="java.endorsed.dirs" value="E:\JAVA_APP\Java\jdk1.8.0_251\jre\lib\endorsed"/>
    <property name="java.runtime.name" value="Java(TM) SE Runtime Environment"/>
    <property name="file.encoding" value="GBK"/>
    <property name="java.vm.name" value="Java HotSpot(TM) Client VM"/>
    <property name="idea.version2020.1" value="true"/>
    <property name="localRepository" value="E:\JAVA_APP\maven\repository"/>
    <property name="java.vendor.url.bug" value="http://bugreport.sun.com/bugreport/"/>
    <property name="java.io.tmpdir" value="C:\Users\ADMINI~1\AppData\Local\Temp\"/>
    <property name="java.version" value="1.8.0_251"/>
    <property name="user.dir" value="D:\IDEA\itripback\itrip-biz"/>
    <property name="os.arch" value="x86"/>
    <property name="java.vm.specification.name" value="Java Virtual Machine Specification"/>
    <property name="java.awt.printerjob" value="sun.awt.windows.WPrinterJob"/>
    <property name="sun.os.patch.level" value=""/>
    <property name="java.library.path" value="E:\JAVA_APP\Java\jdk1.8.0_251\jre\bin;C:\Windows\Sun\Java\bin;C:\Windows\system32;C:\Windows;C:\Windows\System32;C:\Windows\system32;E:\JAVA_APP\Java\jdk1.8.0_251\bin;E:\JAVA_APP\Java\jdk1.8.0_251\jre\bin;C:\Program Files (x86)\Common Files\Oracle\Java\javapath;C:\Windows;C:\Windows\System32\Wbem;C:\Windows\System32\WindowsPowerShell\v1.0\;E:\JAVA_APP\MySQL\bin;E:\JAVA_APP\Git\cmd;C:\Program Files\Bandizip\;."/>
    <property name="java.vm.info" value="mixed mode"/>
    <property name="java.vendor" value="Oracle Corporation"/>
    <property name="java.vm.version" value="25.251-b08"/>
    <property name="java.ext.dirs" value="E:\JAVA_APP\Java\jdk1.8.0_251\jre\lib\ext;C:\Windows\Sun\Java\lib\ext"/>
    <property name="sun.io.unicode.encoding" value="UnicodeLittle"/>
    <property name="maven.repo.local" value="E:\JAVA_APP\maven\repository"/>
    <property name="java.class.version" value="52.0"/>
  </properties>
  <testcase name="test01" classname="com.test.Test1" time="0.001"/>
</testsuite>